0 info it worked if it ends with ok
1 verbose cli [
1 verbose cli   'C:\\Program Files\\nodejs\\node.exe',
1 verbose cli   'C:\\Users\\212703953\\AppData\\Roaming\\npm\\node_modules\\npm\\bin\\npm-cli.js',
1 verbose cli   'rebuild',
1 verbose cli   'node-sass'
1 verbose cli ]
2 info using npm@6.9.0
3 info using node@v12.4.0
4 info readInstalled object
5 verbose rebuild path, id [
5 verbose rebuild   'C:\\Users\\212703953\\Box ' +
5 verbose rebuild     'Sync\\resource_allocation_project\\node_modules\\node-sass',
5 verbose rebuild   'node-sass@4.12.0'
5 verbose rebuild ]
6 verbose rebuild path, id [
6 verbose rebuild   'C:\\Users\\212703953\\Box ' +
6 verbose rebuild     'Sync\\resource_allocation_project\\node_modules\\@angular-devkit\\build-angular\\node_modules\\node-sass',
6 verbose rebuild   'node-sass@4.10.0'
6 verbose rebuild ]
7 silly rebuild set [
7 silly rebuild set   'C:\\Users\\212703953\\Box ' +
7 silly rebuild set     'Sync\\resource_allocation_project\\node_modules\\node-sass',
7 silly rebuild set   'C:\\Users\\212703953\\Box ' +
7 silly rebuild set     'Sync\\resource_allocation_project\\node_modules\\@angular-devkit\\build-angular\\node_modules\\node-sass'
7 silly rebuild set ]
8 info build C:\Users\212703953\Box Sync\resource_allocation_project\node_modules\node-sass
9 info lifecycle node-sass@4.12.0~preinstall: node-sass@4.12.0
10 info linkStuff node-sass@4.12.0
11 silly linkStuff node-sass@4.12.0 has C:\Users\212703953\Box Sync\resource_allocation_project\node_modules as its parent node_modules
12 verbose linkBins [
12 verbose linkBins   { 'node-sass': 'bin/node-sass' },
12 verbose linkBins   'C:\\Users\\212703953\\Box Sync\\resource_allocation_project\\node_modules\\.bin',
12 verbose linkBins   false
12 verbose linkBins ]
13 verbose rebuildBundles [
13 verbose rebuildBundles              '.bin',                  'ajv',
13 verbose rebuildBundles       'ansi-styles',          'assert-plus',
13 verbose rebuildBundles         'aws-sign2',                 'aws4',
13 verbose rebuildBundles             'chalk',               'extend',
13 verbose rebuildBundles   'fast-deep-equal',            'form-data',
13 verbose rebuildBundles        'har-schema',        'har-validator',
13 verbose rebuildBundles    'http-signature', 'json-schema-traverse',
13 verbose rebuildBundles            'lodash',              'mime-db',
13 verbose rebuildBundles        'mime-types',                  'nan',
13 verbose rebuildBundles        'oauth-sign',      'performance-now',
13 verbose rebuildBundles                'qs',              'request',
13 verbose rebuildBundles       'safe-buffer',       'supports-color',
13 verbose rebuildBundles      'tough-cookie',                 'uuid'
13 verbose rebuildBundles ]
14 verbose rebuild bundle C:\Users\212703953\Box Sync\resource_allocation_project\node_modules\node-sass\node_modules\ajv
15 info build C:\Users\212703953\Box Sync\resource_allocation_project\node_modules\node-sass\node_modules\ajv
16 info lifecycle ajv@6.10.0~preinstall: ajv@6.10.0
17 info linkStuff ajv@6.10.0
18 silly linkStuff ajv@6.10.0 has C:\Users\212703953\Box Sync\resource_allocation_project\node_modules\node-sass\node_modules as its parent node_modules
19 info lifecycle ajv@6.10.0~install: ajv@6.10.0
20 info lifecycle ajv@6.10.0~postinstall: ajv@6.10.0
21 verbose rebuild bundle C:\Users\212703953\Box Sync\resource_allocation_project\node_modules\node-sass\node_modules\ansi-styles
22 info build C:\Users\212703953\Box Sync\resource_allocation_project\node_modules\node-sass\node_modules\ansi-styles
23 info lifecycle ansi-styles@2.2.1~preinstall: ansi-styles@2.2.1
24 info linkStuff ansi-styles@2.2.1
25 silly linkStuff ansi-styles@2.2.1 has C:\Users\212703953\Box Sync\resource_allocation_project\node_modules\node-sass\node_modules as its parent node_modules
26 info lifecycle ansi-styles@2.2.1~install: ansi-styles@2.2.1
27 info lifecycle ansi-styles@2.2.1~postinstall: ansi-styles@2.2.1
28 verbose rebuild bundle C:\Users\212703953\Box Sync\resource_allocation_project\node_modules\node-sass\node_modules\assert-plus
29 info build C:\Users\212703953\Box Sync\resource_allocation_project\node_modules\node-sass\node_modules\assert-plus
30 info lifecycle assert-plus@1.0.0~preinstall: assert-plus@1.0.0
31 info linkStuff assert-plus@1.0.0
32 silly linkStuff assert-plus@1.0.0 has C:\Users\212703953\Box Sync\resource_allocation_project\node_modules\node-sass\node_modules as its parent node_modules
33 info lifecycle assert-plus@1.0.0~install: assert-plus@1.0.0
34 info lifecycle assert-plus@1.0.0~postinstall: assert-plus@1.0.0
35 verbose rebuild bundle C:\Users\212703953\Box Sync\resource_allocation_project\node_modules\node-sass\node_modules\aws-sign2
36 info build C:\Users\212703953\Box Sync\resource_allocation_project\node_modules\node-sass\node_modules\aws-sign2
37 info lifecycle aws-sign2@0.7.0~preinstall: aws-sign2@0.7.0
38 info linkStuff aws-sign2@0.7.0
39 silly linkStuff aws-sign2@0.7.0 has C:\Users\212703953\Box Sync\resource_allocation_project\node_modules\node-sass\node_modules as its parent node_modules
40 info lifecycle aws-sign2@0.7.0~install: aws-sign2@0.7.0
41 info lifecycle aws-sign2@0.7.0~postinstall: aws-sign2@0.7.0
42 verbose rebuild bundle C:\Users\212703953\Box Sync\resource_allocation_project\node_modules\node-sass\node_modules\aws4
43 info build C:\Users\212703953\Box Sync\resource_allocation_project\node_modules\node-sass\node_modules\aws4
44 info lifecycle aws4@1.8.0~preinstall: aws4@1.8.0
45 info linkStuff aws4@1.8.0
46 silly linkStuff aws4@1.8.0 has C:\Users\212703953\Box Sync\resource_allocation_project\node_modules\node-sass\node_modules as its parent node_modules
47 info lifecycle aws4@1.8.0~install: aws4@1.8.0
48 info lifecycle aws4@1.8.0~postinstall: aws4@1.8.0
49 verbose rebuild bundle C:\Users\212703953\Box Sync\resource_allocation_project\node_modules\node-sass\node_modules\extend
50 info build C:\Users\212703953\Box Sync\resource_allocation_project\node_modules\node-sass\node_modules\extend
51 info lifecycle extend@3.0.2~preinstall: extend@3.0.2
52 info linkStuff extend@3.0.2
53 silly linkStuff extend@3.0.2 has C:\Users\212703953\Box Sync\resource_allocation_project\node_modules\node-sass\node_modules as its parent node_modules
54 info lifecycle extend@3.0.2~install: extend@3.0.2
55 info lifecycle extend@3.0.2~postinstall: extend@3.0.2
56 verbose rebuild bundle C:\Users\212703953\Box Sync\resource_allocation_project\node_modules\node-sass\node_modules\fast-deep-equal
57 info build C:\Users\212703953\Box Sync\resource_allocation_project\node_modules\node-sass\node_modules\fast-deep-equal
58 info lifecycle fast-deep-equal@2.0.1~preinstall: fast-deep-equal@2.0.1
59 info linkStuff fast-deep-equal@2.0.1
60 silly linkStuff fast-deep-equal@2.0.1 has C:\Users\212703953\Box Sync\resource_allocation_project\node_modules\node-sass\node_modules as its parent node_modules
61 info lifecycle fast-deep-equal@2.0.1~install: fast-deep-equal@2.0.1
62 info lifecycle fast-deep-equal@2.0.1~postinstall: fast-deep-equal@2.0.1
63 verbose rebuild bundle C:\Users\212703953\Box Sync\resource_allocation_project\node_modules\node-sass\node_modules\form-data
64 info build C:\Users\212703953\Box Sync\resource_allocation_project\node_modules\node-sass\node_modules\form-data
65 info lifecycle form-data@2.3.3~preinstall: form-data@2.3.3
66 info linkStuff form-data@2.3.3
67 silly linkStuff form-data@2.3.3 has C:\Users\212703953\Box Sync\resource_allocation_project\node_modules\node-sass\node_modules as its parent node_modules
68 info lifecycle form-data@2.3.3~install: form-data@2.3.3
69 info lifecycle form-data@2.3.3~postinstall: form-data@2.3.3
70 verbose rebuild bundle C:\Users\212703953\Box Sync\resource_allocation_project\node_modules\node-sass\node_modules\har-schema
71 info build C:\Users\212703953\Box Sync\resource_allocation_project\node_modules\node-sass\node_modules\har-schema
72 info lifecycle har-schema@2.0.0~preinstall: har-schema@2.0.0
73 info linkStuff har-schema@2.0.0
74 silly linkStuff har-schema@2.0.0 has C:\Users\212703953\Box Sync\resource_allocation_project\node_modules\node-sass\node_modules as its parent node_modules
75 info lifecycle har-schema@2.0.0~install: har-schema@2.0.0
76 info lifecycle har-schema@2.0.0~postinstall: har-schema@2.0.0
77 verbose rebuild bundle C:\Users\212703953\Box Sync\resource_allocation_project\node_modules\node-sass\node_modules\har-validator
78 info build C:\Users\212703953\Box Sync\resource_allocation_project\node_modules\node-sass\node_modules\har-validator
79 info lifecycle har-validator@5.1.3~preinstall: har-validator@5.1.3
80 info linkStuff har-validator@5.1.3
81 silly linkStuff har-validator@5.1.3 has C:\Users\212703953\Box Sync\resource_allocation_project\node_modules\node-sass\node_modules as its parent node_modules
82 info lifecycle har-validator@5.1.3~install: har-validator@5.1.3
83 info lifecycle har-validator@5.1.3~postinstall: har-validator@5.1.3
84 verbose rebuild bundle C:\Users\212703953\Box Sync\resource_allocation_project\node_modules\node-sass\node_modules\http-signature
85 info build C:\Users\212703953\Box Sync\resource_allocation_project\node_modules\node-sass\node_modules\http-signature
86 info lifecycle http-signature@1.2.0~preinstall: http-signature@1.2.0
87 info linkStuff http-signature@1.2.0
88 silly linkStuff http-signature@1.2.0 has C:\Users\212703953\Box Sync\resource_allocation_project\node_modules\node-sass\node_modules as its parent node_modules
89 info lifecycle http-signature@1.2.0~install: http-signature@1.2.0
90 info lifecycle http-signature@1.2.0~postinstall: http-signature@1.2.0
91 verbose rebuild bundle C:\Users\212703953\Box Sync\resource_allocation_project\node_modules\node-sass\node_modules\json-schema-traverse
92 info build C:\Users\212703953\Box Sync\resource_allocation_project\node_modules\node-sass\node_modules\json-schema-traverse
93 info lifecycle json-schema-traverse@0.4.1~preinstall: json-schema-traverse@0.4.1
94 info linkStuff json-schema-traverse@0.4.1
95 silly linkStuff json-schema-traverse@0.4.1 has C:\Users\212703953\Box Sync\resource_allocation_project\node_modules\node-sass\node_modules as its parent node_modules
96 info lifecycle json-schema-traverse@0.4.1~install: json-schema-traverse@0.4.1
97 info lifecycle json-schema-traverse@0.4.1~postinstall: json-schema-traverse@0.4.1
98 verbose rebuild bundle C:\Users\212703953\Box Sync\resource_allocation_project\node_modules\node-sass\node_modules\mime-db
99 info build C:\Users\212703953\Box Sync\resource_allocation_project\node_modules\node-sass\node_modules\mime-db
100 info lifecycle mime-db@1.40.0~preinstall: mime-db@1.40.0
101 info linkStuff mime-db@1.40.0
102 silly linkStuff mime-db@1.40.0 has C:\Users\212703953\Box Sync\resource_allocation_project\node_modules\node-sass\node_modules as its parent node_modules
103 info lifecycle mime-db@1.40.0~install: mime-db@1.40.0
104 info lifecycle mime-db@1.40.0~postinstall: mime-db@1.40.0
105 verbose rebuild bundle C:\Users\212703953\Box Sync\resource_allocation_project\node_modules\node-sass\node_modules\mime-types
106 info build C:\Users\212703953\Box Sync\resource_allocation_project\node_modules\node-sass\node_modules\mime-types
107 info lifecycle mime-types@2.1.24~preinstall: mime-types@2.1.24
108 info linkStuff mime-types@2.1.24
109 silly linkStuff mime-types@2.1.24 has C:\Users\212703953\Box Sync\resource_allocation_project\node_modules\node-sass\node_modules as its parent node_modules
110 info lifecycle mime-types@2.1.24~install: mime-types@2.1.24
111 info lifecycle mime-types@2.1.24~postinstall: mime-types@2.1.24
112 verbose rebuild bundle C:\Users\212703953\Box Sync\resource_allocation_project\node_modules\node-sass\node_modules\oauth-sign
113 info build C:\Users\212703953\Box Sync\resource_allocation_project\node_modules\node-sass\node_modules\oauth-sign
114 info lifecycle oauth-sign@0.9.0~preinstall: oauth-sign@0.9.0
115 info linkStuff oauth-sign@0.9.0
116 silly linkStuff oauth-sign@0.9.0 has C:\Users\212703953\Box Sync\resource_allocation_project\node_modules\node-sass\node_modules as its parent node_modules
117 info lifecycle oauth-sign@0.9.0~install: oauth-sign@0.9.0
118 info lifecycle oauth-sign@0.9.0~postinstall: oauth-sign@0.9.0
119 verbose rebuild bundle C:\Users\212703953\Box Sync\resource_allocation_project\node_modules\node-sass\node_modules\performance-now
120 info build C:\Users\212703953\Box Sync\resource_allocation_project\node_modules\node-sass\node_modules\performance-now
121 info lifecycle performance-now@2.1.0~preinstall: performance-now@2.1.0
122 info linkStuff performance-now@2.1.0
123 silly linkStuff performance-now@2.1.0 has C:\Users\212703953\Box Sync\resource_allocation_project\node_modules\node-sass\node_modules as its parent node_modules
124 info lifecycle performance-now@2.1.0~install: performance-now@2.1.0
125 info lifecycle performance-now@2.1.0~postinstall: performance-now@2.1.0
126 verbose rebuild bundle C:\Users\212703953\Box Sync\resource_allocation_project\node_modules\node-sass\node_modules\qs
127 info build C:\Users\212703953\Box Sync\resource_allocation_project\node_modules\node-sass\node_modules\qs
128 info lifecycle qs@6.5.2~preinstall: qs@6.5.2
129 info linkStuff qs@6.5.2
130 silly linkStuff qs@6.5.2 has C:\Users\212703953\Box Sync\resource_allocation_project\node_modules\node-sass\node_modules as its parent node_modules
131 info lifecycle qs@6.5.2~install: qs@6.5.2
132 info lifecycle qs@6.5.2~postinstall: qs@6.5.2
133 verbose rebuild bundle C:\Users\212703953\Box Sync\resource_allocation_project\node_modules\node-sass\node_modules\safe-buffer
134 info build C:\Users\212703953\Box Sync\resource_allocation_project\node_modules\node-sass\node_modules\safe-buffer
135 info lifecycle safe-buffer@5.1.2~preinstall: safe-buffer@5.1.2
136 info linkStuff safe-buffer@5.1.2
137 silly linkStuff safe-buffer@5.1.2 has C:\Users\212703953\Box Sync\resource_allocation_project\node_modules\node-sass\node_modules as its parent node_modules
138 info lifecycle safe-buffer@5.1.2~install: safe-buffer@5.1.2
139 info lifecycle safe-buffer@5.1.2~postinstall: safe-buffer@5.1.2
140 verbose rebuild bundle C:\Users\212703953\Box Sync\resource_allocation_project\node_modules\node-sass\node_modules\supports-color
141 info build C:\Users\212703953\Box Sync\resource_allocation_project\node_modules\node-sass\node_modules\supports-color
142 info lifecycle supports-color@2.0.0~preinstall: supports-color@2.0.0
143 info linkStuff supports-color@2.0.0
144 silly linkStuff supports-color@2.0.0 has C:\Users\212703953\Box Sync\resource_allocation_project\node_modules\node-sass\node_modules as its parent node_modules
145 info lifecycle supports-color@2.0.0~install: supports-color@2.0.0
146 info lifecycle supports-color@2.0.0~postinstall: supports-color@2.0.0
147 verbose rebuild bundle C:\Users\212703953\Box Sync\resource_allocation_project\node_modules\node-sass\node_modules\tough-cookie
148 info build C:\Users\212703953\Box Sync\resource_allocation_project\node_modules\node-sass\node_modules\tough-cookie
149 info lifecycle tough-cookie@2.4.3~preinstall: tough-cookie@2.4.3
150 info linkStuff tough-cookie@2.4.3
151 silly linkStuff tough-cookie@2.4.3 has C:\Users\212703953\Box Sync\resource_allocation_project\node_modules\node-sass\node_modules as its parent node_modules
152 info lifecycle tough-cookie@2.4.3~install: tough-cookie@2.4.3
153 info lifecycle tough-cookie@2.4.3~postinstall: tough-cookie@2.4.3
154 verbose rebuild bundle C:\Users\212703953\Box Sync\resource_allocation_project\node_modules\node-sass\node_modules\uuid
155 info build C:\Users\212703953\Box Sync\resource_allocation_project\node_modules\node-sass\node_modules\uuid
156 info lifecycle uuid@3.3.2~preinstall: uuid@3.3.2
157 info linkStuff uuid@3.3.2
158 silly linkStuff uuid@3.3.2 has C:\Users\212703953\Box Sync\resource_allocation_project\node_modules\node-sass\node_modules as its parent node_modules
159 verbose linkBins [
159 verbose linkBins   { uuid: './bin/uuid' },
159 verbose linkBins   'C:\\Users\\212703953\\Box ' +
159 verbose linkBins     'Sync\\resource_allocation_project\\node_modules\\node-sass\\node_modules\\.bin',
159 verbose linkBins   false
159 verbose linkBins ]
160 info lifecycle uuid@3.3.2~install: uuid@3.3.2
161 info lifecycle uuid@3.3.2~postinstall: uuid@3.3.2
162 info lifecycle node-sass@4.12.0~install: node-sass@4.12.0
163 verbose lifecycle node-sass@4.12.0~install: unsafe-perm in lifecycle true
164 verbose lifecycle node-sass@4.12.0~install: PATH: C:\Users\212703953\AppData\Roaming\npm\node_modules\npm\node_modules\npm-lifecycle\node-gyp-bin;C:\Users\212703953\Box Sync\resource_allocation_project\node_modules\node-sass\node_modules\.bin;C:\Users\212703953\Box Sync\resource_allocation_project\node_modules\.bin;C:\Python27\;C:\Python27\Scripts;C:\app\212703953\virtual\product\12.2.0\dbhome_1\bin;C:\app\212703953\product\12.1.0\dbhome_1\bin;C:\Program Files (x86)\Common Files\Oracle\Java\javapath;C:\WINDOWS\system32;C:\WINDOWS;C:\WINDOWS\System32\Wbem;C:\WINDOWS\System32\WindowsPowerShell\v1.0\;C:\Program Files\Cloud Foundry;C:\ProgramData\chocolatey\bin;C:\Program Files (x86)\Yarn\bin\;C:\WINDOWS\System32\OpenSSH\;C:\Program Files\Git\cmd;C:\Program Files\Microsoft VS Code\bin;C:\Program Files\nodejs\;C:\Users\212703953\AppData\Local\Programs\Python\Python37\Scripts\;C:\Users\212703953\AppData\Local\Programs\Python\Python37\;C:\Users\212703953\AppData\Local\Microsoft\WindowsApps;C:\Users\212703953\AppData\Local\atom\bin;C:\Users\212703953\AppData\Local\Yarn\bin;C:\Users\212703953\AppData\Local\GitHubDesktop\bin;C:\Users\212703953\AppData\Local\Microsoft\WindowsApps;C:\Program Files\JetBrains\PyCharm Community Edition 2019.1.3\bin;;C:\Users\212703953\AppData\Local\Box\Box Edit\;C:\Users\212703953\AppData\Roaming\npm
165 verbose lifecycle node-sass@4.12.0~install: CWD: C:\Users\212703953\Box Sync\resource_allocation_project\node_modules\node-sass
166 silly lifecycle node-sass@4.12.0~install: Args: [ '/d /s /c', 'node scripts/install.js' ]
167 silly lifecycle node-sass@4.12.0~install: Returned: code: 0  signal: null
168 info lifecycle node-sass@4.12.0~postinstall: node-sass@4.12.0
169 verbose lifecycle node-sass@4.12.0~postinstall: unsafe-perm in lifecycle true
170 verbose lifecycle node-sass@4.12.0~postinstall: PATH: C:\Users\212703953\AppData\Roaming\npm\node_modules\npm\node_modules\npm-lifecycle\node-gyp-bin;C:\Users\212703953\Box Sync\resource_allocation_project\node_modules\node-sass\node_modules\.bin;C:\Users\212703953\Box Sync\resource_allocation_project\node_modules\.bin;C:\Python27\;C:\Python27\Scripts;C:\app\212703953\virtual\product\12.2.0\dbhome_1\bin;C:\app\212703953\product\12.1.0\dbhome_1\bin;C:\Program Files (x86)\Common Files\Oracle\Java\javapath;C:\WINDOWS\system32;C:\WINDOWS;C:\WINDOWS\System32\Wbem;C:\WINDOWS\System32\WindowsPowerShell\v1.0\;C:\Program Files\Cloud Foundry;C:\ProgramData\chocolatey\bin;C:\Program Files (x86)\Yarn\bin\;C:\WINDOWS\System32\OpenSSH\;C:\Program Files\Git\cmd;C:\Program Files\Microsoft VS Code\bin;C:\Program Files\nodejs\;C:\Users\212703953\AppData\Local\Programs\Python\Python37\Scripts\;C:\Users\212703953\AppData\Local\Programs\Python\Python37\;C:\Users\212703953\AppData\Local\Microsoft\WindowsApps;C:\Users\212703953\AppData\Local\atom\bin;C:\Users\212703953\AppData\Local\Yarn\bin;C:\Users\212703953\AppData\Local\GitHubDesktop\bin;C:\Users\212703953\AppData\Local\Microsoft\WindowsApps;C:\Program Files\JetBrains\PyCharm Community Edition 2019.1.3\bin;;C:\Users\212703953\AppData\Local\Box\Box Edit\;C:\Users\212703953\AppData\Roaming\npm
171 verbose lifecycle node-sass@4.12.0~postinstall: CWD: C:\Users\212703953\Box Sync\resource_allocation_project\node_modules\node-sass
172 silly lifecycle node-sass@4.12.0~postinstall: Args: [ '/d /s /c', 'node scripts/build.js' ]
173 silly lifecycle node-sass@4.12.0~postinstall: Returned: code: 0  signal: null
174 info build C:\Users\212703953\Box Sync\resource_allocation_project\node_modules\@angular-devkit\build-angular\node_modules\node-sass
175 info lifecycle node-sass@4.10.0~preinstall: node-sass@4.10.0
176 info linkStuff node-sass@4.10.0
177 silly linkStuff node-sass@4.10.0 has C:\Users\212703953\Box Sync\resource_allocation_project\node_modules\@angular-devkit\build-angular\node_modules as its parent node_modules
178 verbose linkBins [
178 verbose linkBins   { 'node-sass': 'bin/node-sass' },
178 verbose linkBins   'C:\\Users\\212703953\\Box ' +
178 verbose linkBins     'Sync\\resource_allocation_project\\node_modules\\@angular-devkit\\build-angular\\node_modules\\.bin',
178 verbose linkBins   false
178 verbose linkBins ]
179 info lifecycle node-sass@4.10.0~install: node-sass@4.10.0
180 verbose lifecycle node-sass@4.10.0~install: unsafe-perm in lifecycle true
181 verbose lifecycle node-sass@4.10.0~install: PATH: C:\Users\212703953\AppData\Roaming\npm\node_modules\npm\node_modules\npm-lifecycle\node-gyp-bin;C:\Users\212703953\Box Sync\resource_allocation_project\node_modules\@angular-devkit\build-angular\node_modules\node-sass\node_modules\.bin;C:\Users\212703953\Box Sync\resource_allocation_project\node_modules\@angular-devkit\build-angular\node_modules\.bin;C:\Users\212703953\Box Sync\resource_allocation_project\node_modules\.bin;C:\Python27\;C:\Python27\Scripts;C:\app\212703953\virtual\product\12.2.0\dbhome_1\bin;C:\app\212703953\product\12.1.0\dbhome_1\bin;C:\Program Files (x86)\Common Files\Oracle\Java\javapath;C:\WINDOWS\system32;C:\WINDOWS;C:\WINDOWS\System32\Wbem;C:\WINDOWS\System32\WindowsPowerShell\v1.0\;C:\Program Files\Cloud Foundry;C:\ProgramData\chocolatey\bin;C:\Program Files (x86)\Yarn\bin\;C:\WINDOWS\System32\OpenSSH\;C:\Program Files\Git\cmd;C:\Program Files\Microsoft VS Code\bin;C:\Program Files\nodejs\;C:\Users\212703953\AppData\Local\Programs\Python\Python37\Scripts\;C:\Users\212703953\AppData\Local\Programs\Python\Python37\;C:\Users\212703953\AppData\Local\Microsoft\WindowsApps;C:\Users\212703953\AppData\Local\atom\bin;C:\Users\212703953\AppData\Local\Yarn\bin;C:\Users\212703953\AppData\Local\GitHubDesktop\bin;C:\Users\212703953\AppData\Local\Microsoft\WindowsApps;C:\Program Files\JetBrains\PyCharm Community Edition 2019.1.3\bin;;C:\Users\212703953\AppData\Local\Box\Box Edit\;C:\Users\212703953\AppData\Roaming\npm
182 verbose lifecycle node-sass@4.10.0~install: CWD: C:\Users\212703953\Box Sync\resource_allocation_project\node_modules\@angular-devkit\build-angular\node_modules\node-sass
183 silly lifecycle node-sass@4.10.0~install: Args: [ '/d /s /c', 'node scripts/install.js' ]
184 silly lifecycle node-sass@4.10.0~install: Returned: code: 0  signal: null
185 info lifecycle node-sass@4.10.0~postinstall: node-sass@4.10.0
186 verbose lifecycle node-sass@4.10.0~postinstall: unsafe-perm in lifecycle true
187 verbose lifecycle node-sass@4.10.0~postinstall: PATH: C:\Users\212703953\AppData\Roaming\npm\node_modules\npm\node_modules\npm-lifecycle\node-gyp-bin;C:\Users\212703953\Box Sync\resource_allocation_project\node_modules\@angular-devkit\build-angular\node_modules\node-sass\node_modules\.bin;C:\Users\212703953\Box Sync\resource_allocation_project\node_modules\@angular-devkit\build-angular\node_modules\.bin;C:\Users\212703953\Box Sync\resource_allocation_project\node_modules\.bin;C:\Python27\;C:\Python27\Scripts;C:\app\212703953\virtual\product\12.2.0\dbhome_1\bin;C:\app\212703953\product\12.1.0\dbhome_1\bin;C:\Program Files (x86)\Common Files\Oracle\Java\javapath;C:\WINDOWS\system32;C:\WINDOWS;C:\WINDOWS\System32\Wbem;C:\WINDOWS\System32\WindowsPowerShell\v1.0\;C:\Program Files\Cloud Foundry;C:\ProgramData\chocolatey\bin;C:\Program Files (x86)\Yarn\bin\;C:\WINDOWS\System32\OpenSSH\;C:\Program Files\Git\cmd;C:\Program Files\Microsoft VS Code\bin;C:\Program Files\nodejs\;C:\Users\212703953\AppData\Local\Programs\Python\Python37\Scripts\;C:\Users\212703953\AppData\Local\Programs\Python\Python37\;C:\Users\212703953\AppData\Local\Microsoft\WindowsApps;C:\Users\212703953\AppData\Local\atom\bin;C:\Users\212703953\AppData\Local\Yarn\bin;C:\Users\212703953\AppData\Local\GitHubDesktop\bin;C:\Users\212703953\AppData\Local\Microsoft\WindowsApps;C:\Program Files\JetBrains\PyCharm Community Edition 2019.1.3\bin;;C:\Users\212703953\AppData\Local\Box\Box Edit\;C:\Users\212703953\AppData\Roaming\npm
188 verbose lifecycle node-sass@4.10.0~postinstall: CWD: C:\Users\212703953\Box Sync\resource_allocation_project\node_modules\@angular-devkit\build-angular\node_modules\node-sass
189 silly lifecycle node-sass@4.10.0~postinstall: Args: [ '/d /s /c', 'node scripts/build.js' ]
190 silly lifecycle node-sass@4.10.0~postinstall: Returned: code: 1  signal: null
191 info lifecycle node-sass@4.10.0~postinstall: Failed to exec postinstall script
192 verbose stack Error: node-sass@4.10.0 postinstall: `node scripts/build.js`
192 verbose stack Exit status 1
192 verbose stack     at EventEmitter.<anonymous> (C:\Users\212703953\AppData\Roaming\npm\node_modules\npm\node_modules\npm-lifecycle\index.js:301:16)
192 verbose stack     at EventEmitter.emit (events.js:200:13)
192 verbose stack     at ChildProcess.<anonymous> (C:\Users\212703953\AppData\Roaming\npm\node_modules\npm\node_modules\npm-lifecycle\lib\spawn.js:55:14)
192 verbose stack     at ChildProcess.emit (events.js:200:13)
192 verbose stack     at maybeClose (internal/child_process.js:1021:16)
192 verbose stack     at Process.ChildProcess._handle.onexit (internal/child_process.js:283:5)
193 verbose pkgid node-sass@4.10.0
194 verbose cwd C:\Users\212703953\Box Sync\resource_allocation_project
195 verbose Windows_NT 10.0.17763
196 verbose argv "C:\\Program Files\\nodejs\\node.exe" "C:\\Users\\212703953\\AppData\\Roaming\\npm\\node_modules\\npm\\bin\\npm-cli.js" "rebuild" "node-sass"
197 verbose node v12.4.0
198 verbose npm  v6.9.0
199 error code ELIFECYCLE
200 error errno 1
201 error node-sass@4.10.0 postinstall: `node scripts/build.js`
201 error Exit status 1
202 error Failed at the node-sass@4.10.0 postinstall script.
202 error This is probably not a problem with npm. There is likely additional logging output above.
203 verbose exit [ 1, true ]
